<?xml version="1.0" encoding="UTF-8"?>
<testsuite xmlns:xsi="http://www.w3.org/2001/XMLSchema-instance" xsi:noNamespaceSchemaLocation="https://maven.apache.org/surefire/maven-surefire-plugin/xsd/surefire-test-report-3.0.xsd" version="3.0" name="main.RentalTest" time="0" tests="6" errors="0" skipped="0" failures="0">
  <properties>
[...]
</properties>
  <testcase name="getMovieNullTest" classname="main.RentalTest" time="0"/>
  <testcase name="getStringFromMovieTest" classname="main.RentalTest" time="0"/>
  <testcase name="canEarnExtraPointsTest" classname="main.RentalTest" time="0"/>
  <testcase name="getPointsAmountTest" classname="main.RentalTest" time="0"/>
  <testcase name="daysRentedTest" classname="main.RentalTest" time="0"/>
  <testcase name="getMovieTest" classname="main.RentalTest" time="0"/>
</testsuite>