<?xml version="1.0" encoding="UTF-8"?>
<testsuite xmlns:xsi="http://www.w3.org/2001/XMLSchema-instance" xsi:noNamespaceSchemaLocation="https://maven.apache.org/surefire/maven-surefire-plugin/xsd/surefire-test-report-3.0.xsd" version="3.0" name="refactored.CustomerTest" time="0" tests="5" errors="0" skipped="0" failures="0">
  <properties>
[...]
</properties>
  <testcase name="setNameTest" classname="refactored.CustomerTest" time="0"/>
  <testcase name="getNameTest" classname="refactored.CustomerTest" time="0"/>
  <testcase name="statementFRTest" classname="refactored.CustomerTest" time="0"/>
  <testcase name="statementTest" classname="refactored.CustomerTest" time="0"/>
  <testcase name="getRentalTest" classname="refactored.CustomerTest" time="0"/>
</testsuite>